childagent/build/intermediates/manifest_merge_blame_file/debug/processDebugMainManifest/manifest-merger-blame-debug-report.txt
1<?xml version="1.0" encoding="utf-8"?>
2<manifest xmlns:android="http://schemas.android.com/apk/res/android"
3    xmlns:dist="http://schemas.android.com/apk/distribution"
4    package="com.example.xshield.childagent"
5    android:versionCode="1"
6    android:versionName="1.0" >
7
8    <uses-sdk
8-->INJECTED
9        android:minSdkVersion="24"
9-->INJECTED
10        android:targetSdkVersion="35" />
10-->INJECTED
11
12    <dist:module
12-->src\main\AndroidManifest.xml:5:5-12:19
13        dist:instant="false"
13-->src\main\AndroidManifest.xml:6:9-29
14        dist:title="@string/title_childagent" >
14-->src\main\AndroidManifest.xml:7:9-46
15        <dist:delivery>
15-->src\main\AndroidManifest.xml:8:9-10:25
16            <dist:install-time />
16-->src\main\AndroidManifest.xml:9:13-34
17        </dist:delivery>
18
19        <dist:fusing dist:include="true" />
19-->src\main\AndroidManifest.xml:11:9-44
19-->src\main\AndroidManifest.xml:11:22-41
20    </dist:module>
21
22    <!--
23         ==========================================
24         ALL MONITORING PERMISSIONS
25         (Granted via single button in SetupActivity)
26         ==========================================
27    -->
28
29
30    <!-- Call log access -->
31    <uses-permission android:name="android.permission.READ_CALL_LOG" />
31-->src\main\AndroidManifest.xml:20:5-72
31-->src\main\AndroidManifest.xml:20:22-69
32    <uses-permission android:name="android.permission.WRITE_CALL_LOG" />
32-->src\main\AndroidManifest.xml:21:5-73
32-->src\main\AndroidManifest.xml:21:22-70
33    <uses-permission android:name="android.permission.PROCESS_OUTGOING_CALLS" />
33-->src\main\AndroidManifest.xml:22:5-81
33-->src\main\AndroidManifest.xml:22:22-78
34    <uses-permission android:name="android.permission.ANSWER_PHONE_CALLS" />
34-->src\main\AndroidManifest.xml:23:5-77
34-->src\main\AndroidManifest.xml:23:22-74
35
36    <!-- SMS access -->
37    <uses-permission android:name="android.permission.READ_SMS" />
37-->src\main\AndroidManifest.xml:26:5-67
37-->src\main\AndroidManifest.xml:26:22-64
38    <uses-permission android:name="android.permission.RECEIVE_SMS" />
38-->src\main\AndroidManifest.xml:27:5-70
38-->src\main\AndroidManifest.xml:27:22-67
39    <uses-permission android:name="android.permission.SEND_SMS" />
39-->src\main\AndroidManifest.xml:28:5-67
39-->src\main\AndroidManifest.xml:28:22-64
40
41    <!-- Contacts -->
42    <uses-permission android:name="android.permission.READ_CONTACTS" />
42-->src\main\AndroidManifest.xml:31:5-72
42-->src\main\AndroidManifest.xml:31:22-69
43
44    <!-- Location -->
45    <uses-permission android:name="android.permission.ACCESS_FINE_LOCATION" />
45-->src\main\AndroidManifest.xml:34:5-79
45-->src\main\AndroidManifest.xml:34:22-76
46    <uses-permission android:name="android.permission.ACCESS_COARSE_LOCATION" />
46-->src\main\AndroidManifest.xml:35:5-81
46-->src\main\AndroidManifest.xml:35:22-78
47    <uses-permission android:name="android.permission.ACCESS_BACKGROUND_LOCATION" />
47-->src\main\AndroidManifest.xml:36:5-85
47-->src\main\AndroidManifest.xml:36:22-82
48
49    <!-- Camera & Media -->
50    <uses-permission android:name="android.permission.CAMERA" />
50-->src\main\AndroidManifest.xml:39:5-65
50-->src\main\AndroidManifest.xml:39:22-62
51    <uses-permission
51-->src\main\AndroidManifest.xml:40:5-41:38
52        android:name="android.permission.READ_EXTERNAL_STORAGE"
52-->src\main\AndroidManifest.xml:40:22-77
53        android:maxSdkVersion="32" />
53-->src\main\AndroidManifest.xml:41:9-35
54    <uses-permission android:name="android.permission.READ_MEDIA_IMAGES" />
54-->src\main\AndroidManifest.xml:42:5-76
54-->src\main\AndroidManifest.xml:42:22-73
55    <uses-permission android:name="android.permission.READ_MEDIA_VIDEO" />
55-->src\main\AndroidManifest.xml:43:5-75
55-->src\main\AndroidManifest.xml:43:22-72
56    <uses-permission android:name="android.permission.READ_MEDIA_AUDIO" />
56-->src\main\AndroidManifest.xml:44:5-75
56-->src\main\AndroidManifest.xml:44:22-72
57    <uses-permission android:name="android.permission.MANAGE_EXTERNAL_STORAGE" />
57-->src\main\AndroidManifest.xml:45:5-82
57-->src\main\AndroidManifest.xml:45:22-79
58
59    <!-- Audio & Call State -->
60    <uses-permission android:name="android.permission.RECORD_AUDIO" />
60-->src\main\AndroidManifest.xml:48:5-71
60-->src\main\AndroidManifest.xml:48:22-68
61    <uses-permission android:name="android.permission.READ_PHONE_STATE" />
61-->src\main\AndroidManifest.xml:49:5-75
61-->src\main\AndroidManifest.xml:49:22-72
62    <uses-permission android:name="android.permission.FOREGROUND_SERVICE_MICROPHONE" />
62-->src\main\AndroidManifest.xml:50:5-88
62-->src\main\AndroidManifest.xml:50:22-85
63
64    <!-- Notifications (Android 13+) -->
65    <uses-permission android:name="android.permission.POST_NOTIFICATIONS" />
65-->src\main\AndroidManifest.xml:53:5-77
65-->src\main\AndroidManifest.xml:53:22-74
66
67    <!-- Auto-start on reboot -->
68    <uses-permission android:name="android.permission.RECEIVE_BOOT_COMPLETED" />
68-->src\main\AndroidManifest.xml:56:5-81
68-->src\main\AndroidManifest.xml:56:22-78
69
70    <!-- Network -->
71    <uses-permission android:name="android.permission.INTERNET" />
71-->src\main\AndroidManifest.xml:59:5-67
71-->src\main\AndroidManifest.xml:59:22-64
72    <uses-permission android:name="android.permission.ACCESS_NETWORK_STATE" />
72-->src\main\AndroidManifest.xml:60:5-79
72-->src\main\AndroidManifest.xml:60:22-76
73    <uses-permission android:name="android.permission.ACCESS_WIFI_STATE" />
73-->src\main\AndroidManifest.xml:61:5-76
73-->src\main\AndroidManifest.xml:61:22-73
74
75    <!-- Background service -->
76    <uses-permission android:name="android.permission.FOREGROUND_SERVICE" />
76-->src\main\AndroidManifest.xml:64:5-77
76-->src\main\AndroidManifest.xml:64:22-74
77    <uses-permission android:name="android.permission.FOREGROUND_SERVICE_DATA_SYNC" />
77-->src\main\AndroidManifest.xml:65:5-87
77-->src\main\AndroidManifest.xml:65:22-84
78    <uses-permission android:name="android.permission.FOREGROUND_SERVICE_LOCATION" />
78-->src\main\AndroidManifest.xml:66:5-86
78-->src\main\AndroidManifest.xml:66:22-83
79    <uses-permission android:name="android.permission.FOREGROUND_SERVICE_CAMERA" />
79-->src\main\AndroidManifest.xml:67:5-84
79-->src\main\AndroidManifest.xml:67:22-81
80    <uses-permission android:name="android.permission.FOREGROUND_SERVICE_MEDIA_PROJECTION" />
80-->src\main\AndroidManifest.xml:68:5-94
80-->src\main\AndroidManifest.xml:68:22-91
81
82    <!-- Wake lock to keep service alive -->
83    <uses-permission android:name="android.permission.WAKE_LOCK" />
83-->src\main\AndroidManifest.xml:71:5-68
83-->src\main\AndroidManifest.xml:71:22-65
84
85    <!-- Package Query Visibility for Android 11+ -->
86    <uses-permission android:name="android.permission.QUERY_ALL_PACKAGES" />
86-->src\main\AndroidManifest.xml:74:5-77
86-->src\main\AndroidManifest.xml:74:22-74
87    <uses-permission android:name="com.google.android.finsky.permission.BIND_GET_INSTALL_REFERRER_SERVICE" />
87-->[com.google.android.gms:play-services-measurement:22.1.2] AndroidManifest.xml:26:5-110
87-->[com.google.android.gms:play-services-measurement:22.1.2] AndroidManifest.xml:26:22-107
88    <uses-permission android:name="com.google.android.gms.permission.AD_ID" />
88-->[com.google.android.gms:play-services-measurement-impl:22.1.2] AndroidManifest.xml:27:5-79
88-->[com.google.android.gms:play-services-measurement-impl:22.1.2] AndroidManifest.xml:27:22-76
89
90    <permission
90-->[androidx.core:core:1.13.0] AndroidManifest.xml:22:5-24:47
91        android:name="com.example.xshield.childagent.DYNAMIC_RECEIVER_NOT_EXPORTED_PERMISSION"
91-->[androidx.core:core:1.13.0] AndroidManifest.xml:23:9-81
92        android:protectionLevel="signature" />
92-->[androidx.core:core:1.13.0] AndroidManifest.xml:24:9-44
93
94    <uses-permission android:name="com.example.xshield.childagent.DYNAMIC_RECEIVER_NOT_EXPORTED_PERMISSION" />
94-->[androidx.core:core:1.13.0] AndroidManifest.xml:26:5-97
94-->[androidx.core:core:1.13.0] AndroidManifest.xml:26:22-94
95    <uses-permission android:name="com.google.android.providers.gsf.permission.READ_GSERVICES" />
95-->[com.google.android.recaptcha:recaptcha:18.5.1] AndroidManifest.xml:9:5-98
95-->[com.google.android.recaptcha:recaptcha:18.5.1] AndroidManifest.xml:9:22-95
96    <uses-permission android:name="android.permission.ACCESS_ADSERVICES_ATTRIBUTION" />
96-->[com.google.android.gms:play-services-measurement-api:22.1.2] AndroidManifest.xml:26:5-88
96-->[com.google.android.gms:play-services-measurement-api:22.1.2] AndroidManifest.xml:26:22-85
97    <uses-permission android:name="android.permission.ACCESS_ADSERVICES_AD_ID" />
97-->[com.google.android.gms:play-services-measurement-api:22.1.2] AndroidManifest.xml:27:5-82
97-->[com.google.android.gms:play-services-measurement-api:22.1.2] AndroidManifest.xml:27:22-79
98
99    <application
99-->src\main\AndroidManifest.xml:76:5-210:19
100        android:appComponentFactory="androidx.core.app.CoreComponentFactory"
100-->[androidx.core:core:1.13.0] AndroidManifest.xml:28:18-86
101        android:debuggable="true"
102        android:extractNativeLibs="false"
102-->INJECTED
103        android:icon="@android:drawable/ic_menu_info_details"
103-->src\main\AndroidManifest.xml:78:9-62
104        android:label="@string/app_name"
104-->src\main\AndroidManifest.xml:77:9-41
105        android:testOnly="true" >
106
107        <!-- Main setup activity — shown to parent when first configuring -->
108        <activity
108-->src\main\AndroidManifest.xml:81:9-86:57
109            android:name="com.example.xshield.childagent.SetupActivity"
109-->src\main\AndroidManifest.xml:82:13-42
110            android:exported="true"
110-->src\main\AndroidManifest.xml:84:13-36
111            android:screenOrientation="portrait"
111-->src\main\AndroidManifest.xml:85:13-49
112            android:theme="@style/Theme.AppCompat.Light.NoActionBar"
112-->src\main\AndroidManifest.xml:83:13-69
113            android:windowSoftInputMode="stateHidden" /> <!-- Activity Alias for launcher icon hiding support (prevents orphaned home screen shortcuts) -->
113-->src\main\AndroidManifest.xml:86:13-54
114        <activity-alias
114-->src\main\AndroidManifest.xml:89:9-97:26
115            android:name="com.example.xshield.childagent.LauncherActivity"
115-->src\main\AndroidManifest.xml:90:13-45
116            android:exported="true"
116-->src\main\AndroidManifest.xml:92:13-36
117            android:targetActivity="com.example.xshield.childagent.SetupActivity" >
117-->src\main\AndroidManifest.xml:91:13-52
118            <intent-filter>
118-->src\main\AndroidManifest.xml:93:13-96:29
119                <action android:name="android.intent.action.MAIN" />
119-->src\main\AndroidManifest.xml:94:17-69
119-->src\main\AndroidManifest.xml:94:25-66
120
121                <category android:name="android.intent.category.LAUNCHER" />
121-->src\main\AndroidManifest.xml:95:17-77
121-->src\main\AndroidManifest.xml:95:27-74
122            </intent-filter>
123        </activity-alias>
124
125        <!-- Foreground monitoring service — runs silently in background -->
126        <service
126-->src\main\AndroidManifest.xml:100:9-105:46
127            android:name="com.example.xshield.childagent.MonitoringService"
127-->src\main\AndroidManifest.xml:101:13-46
128            android:directBootAware="true"
128-->src\main\AndroidManifest.xml:105:13-43
129            android:exported="false"
129-->src\main\AndroidManifest.xml:103:13-37
130            android:foregroundServiceType="dataSync|location|microphone|camera"
130-->src\main\AndroidManifest.xml:102:13-80
131            android:stopWithTask="false" />
131-->src\main\AndroidManifest.xml:104:13-41
132        <service
132-->src\main\AndroidManifest.xml:107:9-111:44
133            android:name="com.example.xshield.childagent.CameraSharingService"
133-->src\main\AndroidManifest.xml:108:13-49
134            android:exported="false"
134-->src\main\AndroidManifest.xml:110:13-37
135            android:foregroundServiceType="camera|dataSync"
135-->src\main\AndroidManifest.xml:109:13-60
136            android:stopWithTask="false" />
136-->src\main\AndroidManifest.xml:111:13-41
137        <service
137-->src\main\AndroidManifest.xml:113:9-117:44
138            android:name="com.example.xshield.childagent.AudioSharingService"
138-->src\main\AndroidManifest.xml:114:13-48
139            android:exported="false"
139-->src\main\AndroidManifest.xml:116:13-37
140            android:foregroundServiceType="microphone|dataSync"
140-->src\main\AndroidManifest.xml:115:13-64
141            android:stopWithTask="false" />
141-->src\main\AndroidManifest.xml:117:13-41
142
143        <!-- Boot receiver — restarts service after device reboot -->
144        <receiver
144-->src\main\AndroidManifest.xml:120:9-134:20
145            android:name="com.example.xshield.childagent.BootReceiver"
145-->src\main\AndroidManifest.xml:121:13-41
146            android:directBootAware="true"
146-->src\main\AndroidManifest.xml:124:13-43
147            android:enabled="true"
147-->src\main\AndroidManifest.xml:123:13-35
148            android:exported="false" >
148-->src\main\AndroidManifest.xml:122:13-37
149            <intent-filter android:priority="999" >
149-->src\main\AndroidManifest.xml:125:13-133:29
149-->src\main\AndroidManifest.xml:125:28-50
150                <action android:name="android.intent.action.BOOT_COMPLETED" />
150-->src\main\AndroidManifest.xml:126:17-79
150-->src\main\AndroidManifest.xml:126:25-76
151                <action android:name="android.intent.action.LOCKED_BOOT_COMPLETED" />
151-->src\main\AndroidManifest.xml:127:17-86
151-->src\main\AndroidManifest.xml:127:25-83
152                <action android:name="android.intent.action.USER_PRESENT" />
152-->src\main\AndroidManifest.xml:128:17-77
152-->src\main\AndroidManifest.xml:128:25-74
153                <action android:name="android.net.conn.CONNECTIVITY_CHANGE" />
153-->src\main\AndroidManifest.xml:129:17-79
153-->src\main\AndroidManifest.xml:129:25-76
154                <action android:name="android.intent.action.QUICKBOOT_POWERON" />
154-->src\main\AndroidManifest.xml:130:17-82
154-->src\main\AndroidManifest.xml:130:25-79
155                <action android:name="com.htc.intent.action.QUICKBOOT_POWERON" />
155-->src\main\AndroidManifest.xml:131:17-82
155-->src\main\AndroidManifest.xml:131:25-79
156                <action android:name="com.example.xshield.childagent.RESTART_SERVICE" />
156-->src\main\AndroidManifest.xml:132:17-89
156-->src\main\AndroidManifest.xml:132:25-86
157            </intent-filter>
158        </receiver>
159
160        <!-- Device Admin Receiver -->
161        <receiver
161-->src\main\AndroidManifest.xml:137:9-149:20
162            android:name="com.example.xshield.childagent.AdminReceiver"
162-->src\main\AndroidManifest.xml:138:13-42
163            android:description="@string/title_childagent"
163-->src\main\AndroidManifest.xml:139:13-59
164            android:exported="true"
164-->src\main\AndroidManifest.xml:142:13-36
165            android:label="@string/title_childagent"
165-->src\main\AndroidManifest.xml:140:13-53
166            android:permission="android.permission.BIND_DEVICE_ADMIN" >
166-->src\main\AndroidManifest.xml:141:13-70
167            <meta-data
167-->src\main\AndroidManifest.xml:143:13-145:56
168                android:name="android.app.device_admin"
168-->src\main\AndroidManifest.xml:144:17-56
169                android:resource="@xml/device_admin" />
169-->src\main\AndroidManifest.xml:145:17-53
170
171            <intent-filter>
171-->src\main\AndroidManifest.xml:146:13-148:29
172                <action android:name="android.app.action.DEVICE_ADMIN_ENABLED" />
172-->src\main\AndroidManifest.xml:147:17-82
172-->src\main\AndroidManifest.xml:147:25-79
173            </intent-filter>
174        </receiver>
175
176        <!-- Call Interceptor Receiver -->
177        <receiver
177-->src\main\AndroidManifest.xml:152:9-158:20
178            android:name="com.example.xshield.childagent.CallInterceptorReceiver"
178-->src\main\AndroidManifest.xml:153:13-52
179            android:exported="true" >
179-->src\main\AndroidManifest.xml:154:13-36
180            <intent-filter android:priority="999" >
180-->src\main\AndroidManifest.xml:155:13-157:29
180-->src\main\AndroidManifest.xml:155:28-50
181                <action android:name="android.intent.action.NEW_OUTGOING_CALL" />
181-->src\main\AndroidManifest.xml:156:17-82
181-->src\main\AndroidManifest.xml:156:25-79
182            </intent-filter>
183        </receiver>
184
185        <!-- Screen Sharing Components -->
186        <activity
186-->src\main\AndroidManifest.xml:161:9-165:49
187            android:name="com.example.xshield.childagent.ScreenShareActivity"
187-->src\main\AndroidManifest.xml:162:13-48
188            android:excludeFromRecents="true"
188-->src\main\AndroidManifest.xml:165:13-46
189            android:exported="false"
189-->src\main\AndroidManifest.xml:164:13-37
190            android:theme="@style/Theme.AppCompat.Transparent.NoActionBar" />
190-->src\main\AndroidManifest.xml:163:13-75
191        <activity
191-->src\main\AndroidManifest.xml:167:9-171:49
192            android:name="com.example.xshield.childagent.MediaSharingActivity"
192-->src\main\AndroidManifest.xml:168:13-49
193            android:excludeFromRecents="true"
193-->src\main\AndroidManifest.xml:171:13-46
194            android:exported="false"
194-->src\main\AndroidManifest.xml:170:13-37
195            android:theme="@style/Theme.AppCompat.Transparent.NoActionBar" />
195-->src\main\AndroidManifest.xml:169:13-75
196
197        <service
197-->src\main\AndroidManifest.xml:173:9-176:63
198            android:name="com.example.xshield.childagent.ScreenSharingService"
198-->src\main\AndroidManifest.xml:174:13-49
199            android:exported="false"
199-->src\main\AndroidManifest.xml:175:13-37
200            android:foregroundServiceType="mediaProjection" />
200-->src\main\AndroidManifest.xml:176:13-60
201        <service
201-->src\main\AndroidManifest.xml:178:9-188:19
202            android:name="com.example.xshield.childagent.RemoteControlAccessibilityService"
202-->src\main\AndroidManifest.xml:179:13-62
203            android:exported="false"
203-->src\main\AndroidManifest.xml:181:13-37
204            android:permission="android.permission.BIND_ACCESSIBILITY_SERVICE" >
204-->src\main\AndroidManifest.xml:180:13-79
205            <intent-filter>
205-->src\main\AndroidManifest.xml:182:13-184:29
206                <action android:name="android.accessibilityservice.AccessibilityService" />
206-->src\main\AndroidManifest.xml:183:17-92
206-->src\main\AndroidManifest.xml:183:25-89
207            </intent-filter>
208
209            <meta-data
209-->src\main\AndroidManifest.xml:185:13-187:72
210                android:name="android.accessibilityservice"
210-->src\main\AndroidManifest.xml:186:17-60
211                android:resource="@xml/accessibility_service_config" />
211-->src\main\AndroidManifest.xml:187:17-69
212        </service>
213        <service
213-->src\main\AndroidManifest.xml:190:9-198:19
214            android:name="com.example.xshield.childagent.NotificationMonitorService"
214-->src\main\AndroidManifest.xml:191:13-55
215            android:exported="true"
215-->src\main\AndroidManifest.xml:194:13-36
216            android:label="Message Monitor"
216-->src\main\AndroidManifest.xml:192:13-44
217            android:permission="android.permission.BIND_NOTIFICATION_LISTENER_SERVICE" >
217-->src\main\AndroidManifest.xml:193:13-87
218            <intent-filter>
218-->src\main\AndroidManifest.xml:195:13-197:29
219                <action android:name="android.service.notification.NotificationListenerService" />
219-->src\main\AndroidManifest.xml:196:17-99
219-->src\main\AndroidManifest.xml:196:25-96
220            </intent-filter>
221        </service>
222
223        <!-- SMS Command Receiver — offline parent remote control -->
224        <receiver
224-->src\main\AndroidManifest.xml:201:9-208:20
225            android:name="com.example.xshield.childagent.SmsCommandReceiver"
225-->src\main\AndroidManifest.xml:202:13-47
226            android:enabled="true"
226-->src\main\AndroidManifest.xml:204:13-35
227            android:exported="true" >
227-->src\main\AndroidManifest.xml:203:13-36
228            <intent-filter android:priority="999" >
228-->src\main\AndroidManifest.xml:205:13-207:29
228-->src\main\AndroidManifest.xml:205:28-50
229                <action android:name="android.provider.Telephony.SMS_RECEIVED" />
229-->src\main\AndroidManifest.xml:206:17-82
229-->src\main\AndroidManifest.xml:206:25-79
230            </intent-filter>
231        </receiver>
232
233        <service
233-->[androidx.camera:camera-camera2:1.4.1] AndroidManifest.xml:24:9-33:19
234            android:name="androidx.camera.core.impl.MetadataHolderService"
234-->[androidx.camera:camera-camera2:1.4.1] AndroidManifest.xml:25:13-75
235            android:enabled="false"
235-->[androidx.camera:camera-camera2:1.4.1] AndroidManifest.xml:26:13-36
236            android:exported="false" >
236-->[androidx.camera:camera-camera2:1.4.1] AndroidManifest.xml:27:13-37
237            <meta-data
237-->[androidx.camera:camera-camera2:1.4.1] AndroidManifest.xml:30:13-32:89
238                android:name="androidx.camera.core.impl.MetadataHolderService.DEFAULT_CONFIG_PROVIDER"
238-->[androidx.camera:camera-camera2:1.4.1] AndroidManifest.xml:31:17-103
239                android:value="androidx.camera.camera2.Camera2Config$DefaultProvider" />
239-->[androidx.camera:camera-camera2:1.4.1] AndroidManifest.xml:32:17-86
240        </service>
241
242        <provider
242-->[androidx.emoji2:emoji2:1.3.0] AndroidManifest.xml:24:9-32:20
243            android:name="androidx.startup.InitializationProvider"
243-->[androidx.emoji2:emoji2:1.3.0] AndroidManifest.xml:25:13-67
244            android:authorities="com.example.xshield.childagent.androidx-startup"
244-->[androidx.emoji2:emoji2:1.3.0] AndroidManifest.xml:26:13-68
245            android:exported="false" >
245-->[androidx.emoji2:emoji2:1.3.0] AndroidManifest.xml:27:13-37
246            <meta-data
246-->[androidx.emoji2:emoji2:1.3.0] AndroidManifest.xml:29:13-31:52
247                android:name="androidx.emoji2.text.EmojiCompatInitializer"
247-->[androidx.emoji2:emoji2:1.3.0] AndroidManifest.xml:30:17-75
248                android:value="androidx.startup" />
248-->[androidx.emoji2:emoji2:1.3.0] AndroidManifest.xml:31:17-49
249            <meta-data
249-->[androidx.lifecycle:lifecycle-process:2.8.7] AndroidManifest.xml:29:13-31:52
250                android:name="androidx.lifecycle.ProcessLifecycleInitializer"
250-->[androidx.lifecycle:lifecycle-process:2.8.7] AndroidManifest.xml:30:17-78
251                android:value="androidx.startup" />
251-->[androidx.lifecycle:lifecycle-process:2.8.7] AndroidManifest.xml:31:17-49
252            <meta-data
252-->[androidx.profileinstaller:profileinstaller:1.3.1] AndroidManifest.xml:29:13-31:52
253                android:name="androidx.profileinstaller.ProfileInstallerInitializer"
253-->[androidx.profileinstaller:profileinstaller:1.3.1] AndroidManifest.xml:30:17-85
254                android:value="androidx.startup" />
254-->[androidx.profileinstaller:profileinstaller:1.3.1] AndroidManifest.xml:31:17-49
255        </provider>
256
257        <service
257-->[com.google.firebase:firebase-database:21.0.0] AndroidManifest.xml:26:9-35:19
258            android:name="com.google.firebase.components.ComponentDiscoveryService"
258-->[com.google.firebase:firebase-database:21.0.0] AndroidManifest.xml:27:13-84
259            android:directBootAware="true"
259-->[com.google.firebase:firebase-common:21.0.0] AndroidManifest.xml:32:13-43
260            android:exported="false" >
260-->[com.google.firebase:firebase-database:21.0.0] AndroidManifest.xml:28:13-37
261            <meta-data
261-->[com.google.firebase:firebase-database:21.0.0] AndroidManifest.xml:29:13-31:85
262                android:name="com.google.firebase.components:com.google.firebase.database.FirebaseDatabaseKtxRegistrar"
262-->[com.google.firebase:firebase-database:21.0.0] AndroidManifest.xml:30:17-120
263                android:value="com.google.firebase.components.ComponentRegistrar" />
263-->[com.google.firebase:firebase-database:21.0.0] AndroidManifest.xml:31:17-82
264            <meta-data
264-->[com.google.firebase:firebase-database:21.0.0] AndroidManifest.xml:32:13-34:85
265                android:name="com.google.firebase.components:com.google.firebase.database.DatabaseRegistrar"
265-->[com.google.firebase:firebase-database:21.0.0] AndroidManifest.xml:33:17-109
266                android:value="com.google.firebase.components.ComponentRegistrar" />
266-->[com.google.firebase:firebase-database:21.0.0] AndroidManifest.xml:34:17-82
267            <meta-data
267-->[com.google.firebase:firebase-firestore-ktx:25.1.1] AndroidManifest.xml:12:13-14:85
268                android:name="com.google.firebase.components:com.google.firebase.firestore.ktx.FirebaseFirestoreLegacyRegistrar"
268-->[com.google.firebase:firebase-firestore-ktx:25.1.1] AndroidManifest.xml:13:17-129
269                android:value="com.google.firebase.components.ComponentRegistrar" />
269-->[com.google.firebase:firebase-firestore-ktx:25.1.1] AndroidManifest.xml:14:17-82
270            <meta-data
270-->[com.google.firebase:firebase-firestore:25.1.1] AndroidManifest.xml:17:13-19:85
271                android:name="com.google.firebase.components:com.google.firebase.firestore.FirebaseFirestoreKtxRegistrar"
271-->[com.google.firebase:firebase-firestore:25.1.1] AndroidManifest.xml:18:17-122
272                android:value="com.google.firebase.components.ComponentRegistrar" />
272-->[com.google.firebase:firebase-firestore:25.1.1] AndroidManifest.xml:19:17-82
273            <meta-data
273-->[com.google.firebase:firebase-firestore:25.1.1] AndroidManifest.xml:20:13-22:85
274                android:name="com.google.firebase.components:com.google.firebase.firestore.FirestoreRegistrar"
274-->[com.google.firebase:firebase-firestore:25.1.1] AndroidManifest.xml:21:17-111
275                android:value="com.google.firebase.components.ComponentRegistrar" />
275-->[com.google.firebase:firebase-firestore:25.1.1] AndroidManifest.xml:22:17-82
276            <meta-data
276-->[com.google.firebase:firebase-auth-ktx:23.1.0] AndroidManifest.xml:11:13-13:85
277                android:name="com.google.firebase.components:com.google.firebase.auth.ktx.FirebaseAuthLegacyRegistrar"
277-->[com.google.firebase:firebase-auth-ktx:23.1.0] AndroidManifest.xml:12:17-119
278                android:value="com.google.firebase.components.ComponentRegistrar" />
278-->[com.google.firebase:firebase-auth-ktx:23.1.0] AndroidManifest.xml:13:17-82
279            <meta-data
279-->[com.google.firebase:firebase-auth:23.1.0] AndroidManifest.xml:69:13-71:85
280                android:name="com.google.firebase.components:com.google.firebase.auth.FirebaseAuthRegistrar"
280-->[com.google.firebase:firebase-auth:23.1.0] AndroidManifest.xml:70:17-109
281                android:value="com.google.firebase.components.ComponentRegistrar" />
281-->[com.google.firebase:firebase-auth:23.1.0] AndroidManifest.xml:71:17-82
282            <meta-data
282-->[com.google.android.gms:play-services-measurement-api:22.1.2] AndroidManifest.xml:37:13-39:85
283                android:name="com.google.firebase.components:com.google.firebase.analytics.connector.internal.AnalyticsConnectorRegistrar"
283-->[com.google.android.gms:play-services-measurement-api:22.1.2] AndroidManifest.xml:38:17-139
284                android:value="com.google.firebase.components.ComponentRegistrar" />
284-->[com.google.android.gms:play-services-measurement-api:22.1.2] AndroidManifest.xml:39:17-82
285            <meta-data
285-->[com.google.firebase:firebase-installations:18.0.0] AndroidManifest.xml:15:13-17:85
286                android:name="com.google.firebase.components:com.google.firebase.installations.FirebaseInstallationsKtxRegistrar"
286-->[com.google.firebase:firebase-installations:18.0.0] AndroidManifest.xml:16:17-130
287                android:value="com.google.firebase.components.ComponentRegistrar" />
287-->[com.google.firebase:firebase-installations:18.0.0] AndroidManifest.xml:17:17-82
288            <meta-data
288-->[com.google.firebase:firebase-installations:18.0.0] AndroidManifest.xml:18:13-20:85
289                android:name="com.google.firebase.components:com.google.firebase.installations.FirebaseInstallationsRegistrar"
289-->[com.google.firebase:firebase-installations:18.0.0] AndroidManifest.xml:19:17-127
290                android:value="com.google.firebase.components.ComponentRegistrar" />
290-->[com.google.firebase:firebase-installations:18.0.0] AndroidManifest.xml:20:17-82
291            <meta-data
291-->[com.google.firebase:firebase-common-ktx:21.0.0] AndroidManifest.xml:12:13-14:85
292                android:name="com.google.firebase.components:com.google.firebase.ktx.FirebaseCommonLegacyRegistrar"
292-->[com.google.firebase:firebase-common-ktx:21.0.0] AndroidManifest.xml:13:17-116
293                android:value="com.google.firebase.components.ComponentRegistrar" />
293-->[com.google.firebase:firebase-common-ktx:21.0.0] AndroidManifest.xml:14:17-82
294            <meta-data
294-->[com.google.firebase:firebase-common:21.0.0] AndroidManifest.xml:35:13-37:85
295                android:name="com.google.firebase.components:com.google.firebase.FirebaseCommonKtxRegistrar"
295-->[com.google.firebase:firebase-common:21.0.0] AndroidManifest.xml:36:17-109
296                android:value="com.google.firebase.components.ComponentRegistrar" />
296-->[com.google.firebase:firebase-common:21.0.0] AndroidManifest.xml:37:17-82
297        </service>
298